time="2026-05-15T14:13:01+07:00" level=warning msg="/home/n_ngoctrantien/fuelphp-docker/docker-compose.yml: the attribute `version` is obsolete, it will be ignored, please remove it to avoid potential confusion"

=== QUEUE WORKER START ===
=== Job Title: send_return_reminder ====== Job Title: send_return_reminder ====== Job Title: send_return_reminder ====== Job Title: send_return_reminder ===[FAILED] Trying to get property 'username' of non-object
[FAILED] Trying to get property 'username' of non-object
[FAILED] Trying to get property 'username' of non-object
[FAILED] Trying to get property 'username' of non-object
[FAILED] Trying to get property 'username' of non-object
[FAILED] Trying to get property 'username' of non-object
[FAILED] Trying to get property 'username' of non-object
[FAILED] Trying to get property 'username' of non-object
[FAILED] Trying to get property 'username' of non-object
[DONE] Job #114
time="2026-05-15T14:14:01+07:00" level=warning msg="/home/n_ngoctrantien/fuelphp-docker/docker-compose.yml: the attribute `version` is obsolete, it will be ignored, please remove it to avoid potential confusion"

=== QUEUE WORKER START ===
=== Job Title: send_return_reminder ===[DONE] Job #115
time="2026-05-15T14:15:01+07:00" level=warning msg="/home/n_ngoctrantien/fuelphp-docker/docker-compose.yml: the attribute `version` is obsolete, it will be ignored, please remove it to avoid potential confusion"

=== QUEUE WORKER START ===
=== Job Title: send_return_reminder ====== Job Title: send_return_reminder ====== Job Title: send_return_reminder ===[FAILED] Trying to get property 'username' of non-object
[FAILED] Trying to get property 'username' of non-object
[FAILED] Trying to get property 'username' of non-object
