time="2026-05-15T12:10:01+07:00" level=warning msg="/home/n_ngoctrantien/fuelphp-docker/docker-compose.yml: the attribute `version` is obsolete, it will be ignored, please remove it to avoid potential confusion"

========================================
[return_books] START
[return_books] due_date from: 2026-05-16 00:00:00
[return_books] due_date to  : 2026-05-16 23:59:59
========================================
[return_books] borrows found: 0
[return_books] No reminder emails to send.
[return_books] DONE
time="2026-05-15T12:11:01+07:00" level=warning msg="/home/n_ngoctrantien/fuelphp-docker/docker-compose.yml: the attribute `version` is obsolete, it will be ignored, please remove it to avoid potential confusion"

========================================
[return_books] START
[return_books] due_date from: 2026-05-16 00:00:00
[return_books] due_date to  : 2026-05-16 23:59:59
========================================
[return_books] borrows found: 0
[return_books] No reminder emails to send.
[return_books] DONE
time="2026-05-15T12:12:01+07:00" level=warning msg="/home/n_ngoctrantien/fuelphp-docker/docker-compose.yml: the attribute `version` is obsolete, it will be ignored, please remove it to avoid potential confusion"

========================================
[return_books] START
[return_books] due_date from: 2026-05-16 00:00:00
[return_books] due_date to  : 2026-05-16 23:59:59
========================================
[return_books] borrows found: 0
[return_books] No reminder emails to send.
[return_books] DONE
time="2026-05-15T12:13:01+07:00" level=warning msg="/home/n_ngoctrantien/fuelphp-docker/docker-compose.yml: the attribute `version` is obsolete, it will be ignored, please remove it to avoid potential confusion"

========================================
[return_books] START
[return_books] due_date from: 2026-05-16 00:00:00
[return_books] due_date to  : 2026-05-16 23:59:59
========================================
[return_books] borrows found: 0
[return_books] No reminder emails to send.
[return_books] DONE
time="2026-05-15T12:14:01+07:00" level=warning msg="/home/n_ngoctrantien/fuelphp-docker/docker-compose.yml: the attribute `version` is obsolete, it will be ignored, please remove it to avoid potential confusion"

========================================
[return_books] START
[return_books] due_date from: 2026-05-16 00:00:00
[return_books] due_date to  : 2026-05-16 23:59:59
========================================
[return_books] borrows found: 0
[return_books] No reminder emails to send.
[return_books] DONE
time="2026-05-15T12:15:01+07:00" level=warning msg="/home/n_ngoctrantien/fuelphp-docker/docker-compose.yml: the attribute `version` is obsolete, it will be ignored, please remove it to avoid potential confusion"

========================================
[return_books] START
[return_books] due_date from: 2026-05-16 00:00:00
[return_books] due_date to  : 2026-05-16 23:59:59
========================================
[return_books] borrows found: 0
[return_books] No reminder emails to send.
[return_books] DONE
time="2026-05-15T12:16:01+07:00" level=warning msg="/home/n_ngoctrantien/fuelphp-docker/docker-compose.yml: the attribute `version` is obsolete, it will be ignored, please remove it to avoid potential confusion"

========================================
[return_books] START
[REMINDER] due_date from: 2026-05-16 00:00:00
[REMINDER] due_date to  : 2026-05-16 23:59:59
========================================
[REMINDER] borrows found: 0

========================================
[OVERDUE] checking overdue books...
========================================
[OVERDUE] borrows found: 1
[OVERDUE SUCCESS] Borrow ID: 9

========================================
[return_books] DONE
========================================

time="2026-05-15T12:17:01+07:00" level=warning msg="/home/n_ngoctrantien/fuelphp-docker/docker-compose.yml: the attribute `version` is obsolete, it will be ignored, please remove it to avoid potential confusion"

========================================
[return_books] START
[REMINDER] due_date from: 2026-05-16 00:00:00
[REMINDER] due_date to  : 2026-05-16 23:59:59
========================================
[REMINDER] borrows found: 0

========================================
[OVERDUE] checking overdue books...
========================================
[OVERDUE] borrows found: 1
[OVERDUE SUCCESS] Borrow ID: 9

========================================
[return_books] DONE
========================================

time="2026-05-15T12:18:01+07:00" level=warning msg="/home/n_ngoctrantien/fuelphp-docker/docker-compose.yml: the attribute `version` is obsolete, it will be ignored, please remove it to avoid potential confusion"

========================================
[return_books] START
[REMINDER] due_date from: 2026-05-19 00:00:00
[REMINDER] due_date to  : 2026-05-19 23:59:59
========================================
[REMINDER] borrows found: 0

========================================
[OVERDUE] checking overdue books...
========================================
[OVERDUE] borrows found: 1
[OVERDUE SUCCESS] Borrow ID: 9

========================================
[return_books] DONE
========================================

time="2026-05-15T12:19:01+07:00" level=warning msg="/home/n_ngoctrantien/fuelphp-docker/docker-compose.yml: the attribute `version` is obsolete, it will be ignored, please remove it to avoid potential confusion"

========================================
[return_books] START
[REMINDER] due_date from: 2026-05-22 00:00:00
[REMINDER] due_date to  : 2026-05-22 23:59:59
========================================
[REMINDER] borrows found: 2
[REMINDER FAILED] Borrow ID: 8
[ERROR] Trying to get property 'username' of non-object
[REMINDER SUCCESS] Borrow ID: 10

========================================
[OVERDUE] checking overdue books...
========================================
[OVERDUE] borrows found: 1
[OVERDUE SUCCESS] Borrow ID: 9

========================================
[return_books] DONE
========================================

time="2026-05-15T13:38:01+07:00" level=warning msg="/home/n_ngoctrantien/fuelphp-docker/docker-compose.yml: the attribute `version` is obsolete, it will be ignored, please remove it to avoid potential confusion"

========================================
[REMINDER TASK] START
========================================

[REMINDER] checking upcoming due books...
[REMINDER] found: 2
[REMINDER QUEUED] Borrow ID: 8
[REMINDER QUEUED] Borrow ID: 10

[OVERDUE] checking overdue books...
[OVERDUE] found: 1
[OVERDUE QUEUED] Borrow ID: 9

========================================
[REMINDER TASK] DONE
[REMINDER QUEUED] 2
[OVERDUE QUEUED] 1
========================================

time="2026-05-15T13:39:01+07:00" level=warning msg="/home/n_ngoctrantien/fuelphp-docker/docker-compose.yml: the attribute `version` is obsolete, it will be ignored, please remove it to avoid potential confusion"

========================================
[REMINDER TASK] START
========================================

[REMINDER] checking upcoming due books...
[REMINDER] found: 2
[REMINDER QUEUED] Borrow ID: 8
[REMINDER QUEUED] Borrow ID: 10

[OVERDUE] checking overdue books...
[OVERDUE] found: 1
[OVERDUE QUEUED] Borrow ID: 9

========================================
[REMINDER TASK] DONE
[REMINDER QUEUED] 2
[OVERDUE QUEUED] 1
========================================

time="2026-05-15T13:40:01+07:00" level=warning msg="/home/n_ngoctrantien/fuelphp-docker/docker-compose.yml: the attribute `version` is obsolete, it will be ignored, please remove it to avoid potential confusion"

========================================
[REMINDER TASK] START
========================================

[REMINDER] checking upcoming due books...
[REMINDER] found: 2
[REMINDER QUEUED] Borrow ID: 8
[REMINDER QUEUED] Borrow ID: 10

[OVERDUE] checking overdue books...
[OVERDUE] found: 1
[OVERDUE QUEUED] Borrow ID: 9

========================================
[REMINDER TASK] DONE
[REMINDER QUEUED] 2
[OVERDUE QUEUED] 1
========================================

time="2026-05-15T13:41:01+07:00" level=warning msg="/home/n_ngoctrantien/fuelphp-docker/docker-compose.yml: the attribute `version` is obsolete, it will be ignored, please remove it to avoid potential confusion"

========================================
[REMINDER TASK] START
========================================

[REMINDER] checking upcoming due books...
[REMINDER] found: 2
[REMINDER QUEUED] Borrow ID: 8
[REMINDER QUEUED] Borrow ID: 10

[OVERDUE] checking overdue books...
[OVERDUE] found: 1
[OVERDUE QUEUED] Borrow ID: 9

========================================
[REMINDER TASK] DONE
[REMINDER QUEUED] 2
[OVERDUE QUEUED] 1
========================================

time="2026-05-15T13:42:02+07:00" level=warning msg="/home/n_ngoctrantien/fuelphp-docker/docker-compose.yml: the attribute `version` is obsolete, it will be ignored, please remove it to avoid potential confusion"

========================================
[REMINDER TASK] START
========================================

[REMINDER] checking upcoming due books...
[REMINDER] found: 2
[REMINDER QUEUED] Borrow ID: 8
[REMINDER QUEUED] Borrow ID: 10

[OVERDUE] checking overdue books...
[OVERDUE] found: 1
[OVERDUE QUEUED] Borrow ID: 9

========================================
[REMINDER TASK] DONE
[REMINDER QUEUED] 2
[OVERDUE QUEUED] 1
========================================

time="2026-05-15T13:43:01+07:00" level=warning msg="/home/n_ngoctrantien/fuelphp-docker/docker-compose.yml: the attribute `version` is obsolete, it will be ignored, please remove it to avoid potential confusion"

========================================
[REMINDER TASK] START
========================================

[REMINDER] checking upcoming due books...
[REMINDER] found: 2
[REMINDER QUEUED] Borrow ID: 8
[REMINDER QUEUED] Borrow ID: 10

[OVERDUE] checking overdue books...
[OVERDUE] found: 1
[OVERDUE QUEUED] Borrow ID: 9

========================================
[REMINDER TASK] DONE
[REMINDER QUEUED] 2
[OVERDUE QUEUED] 1
========================================

time="2026-05-15T13:44:01+07:00" level=warning msg="/home/n_ngoctrantien/fuelphp-docker/docker-compose.yml: the attribute `version` is obsolete, it will be ignored, please remove it to avoid potential confusion"

========================================
[REMINDER TASK] START
========================================

[REMINDER] checking upcoming due books...
[REMINDER] found: 2
[REMINDER QUEUED] Borrow ID: 8
[REMINDER QUEUED] Borrow ID: 10

[OVERDUE] checking overdue books...
[OVERDUE] found: 1
[OVERDUE QUEUED] Borrow ID: 9

========================================
[REMINDER TASK] DONE
[REMINDER QUEUED] 2
[OVERDUE QUEUED] 1
========================================

time="2026-05-15T13:45:01+07:00" level=warning msg="/home/n_ngoctrantien/fuelphp-docker/docker-compose.yml: the attribute `version` is obsolete, it will be ignored, please remove it to avoid potential confusion"

========================================
[REMINDER TASK] START
========================================

[REMINDER] checking upcoming due books...
[REMINDER] found: 2
[REMINDER QUEUED] Borrow ID: 8
[REMINDER QUEUED] Borrow ID: 10

[OVERDUE] checking overdue books...
[OVERDUE] found: 1
[OVERDUE QUEUED] Borrow ID: 9

========================================
[REMINDER TASK] DONE
[REMINDER QUEUED] 2
[OVERDUE QUEUED] 1
========================================

time="2026-05-15T13:46:01+07:00" level=warning msg="/home/n_ngoctrantien/fuelphp-docker/docker-compose.yml: the attribute `version` is obsolete, it will be ignored, please remove it to avoid potential confusion"

========================================
[REMINDER TASK] START
========================================

[REMINDER] checking upcoming due books...
[REMINDER] found: 2
[REMINDER QUEUED] Borrow ID: 8
[REMINDER QUEUED] Borrow ID: 10

[OVERDUE] checking overdue books...
[OVERDUE] found: 1
[OVERDUE QUEUED] Borrow ID: 9

========================================
[REMINDER TASK] DONE
[REMINDER QUEUED] 2
[OVERDUE QUEUED] 1
========================================

time="2026-05-15T13:47:01+07:00" level=warning msg="/home/n_ngoctrantien/fuelphp-docker/docker-compose.yml: the attribute `version` is obsolete, it will be ignored, please remove it to avoid potential confusion"

========================================
[REMINDER TASK] START
========================================

[REMINDER] checking upcoming due books...
[REMINDER] found: 2
[REMINDER QUEUED] Borrow ID: 8
[REMINDER QUEUED] Borrow ID: 10

[OVERDUE] checking overdue books...
[OVERDUE] found: 1
[OVERDUE QUEUED] Borrow ID: 9

========================================
[REMINDER TASK] DONE
[REMINDER QUEUED] 2
[OVERDUE QUEUED] 1
========================================

time="2026-05-15T13:48:01+07:00" level=warning msg="/home/n_ngoctrantien/fuelphp-docker/docker-compose.yml: the attribute `version` is obsolete, it will be ignored, please remove it to avoid potential confusion"

========================================
[REMINDER TASK] START
========================================

[REMINDER] checking upcoming due books...
[REMINDER] found: 2
[REMINDER QUEUED] Borrow ID: 8
[REMINDER QUEUED] Borrow ID: 10

[OVERDUE] checking overdue books...
[OVERDUE] found: 1
[OVERDUE QUEUED] Borrow ID: 9

========================================
[REMINDER TASK] DONE
[REMINDER QUEUED] 2
[OVERDUE QUEUED] 1
========================================

time="2026-05-15T13:49:01+07:00" level=warning msg="/home/n_ngoctrantien/fuelphp-docker/docker-compose.yml: the attribute `version` is obsolete, it will be ignored, please remove it to avoid potential confusion"

========================================
[REMINDER TASK] START
========================================

[REMINDER] checking upcoming due books...
[REMINDER] found: 2
[REMINDER QUEUED] Borrow ID: 8
[REMINDER QUEUED] Borrow ID: 10

[OVERDUE] checking overdue books...
[OVERDUE] found: 1
[OVERDUE QUEUED] Borrow ID: 9

========================================
[REMINDER TASK] DONE
[REMINDER QUEUED] 2
[OVERDUE QUEUED] 1
========================================

time="2026-05-15T13:50:01+07:00" level=warning msg="/home/n_ngoctrantien/fuelphp-docker/docker-compose.yml: the attribute `version` is obsolete, it will be ignored, please remove it to avoid potential confusion"

========================================
[REMINDER TASK] START
========================================

[REMINDER] checking upcoming due books...
[REMINDER] found: 2
[REMINDER QUEUED] Borrow ID: 8
[REMINDER QUEUED] Borrow ID: 10

[OVERDUE] checking overdue books...
[OVERDUE] found: 1
[OVERDUE QUEUED] Borrow ID: 9

========================================
[REMINDER TASK] DONE
[REMINDER QUEUED] 2
[OVERDUE QUEUED] 1
========================================

time="2026-05-15T13:51:01+07:00" level=warning msg="/home/n_ngoctrantien/fuelphp-docker/docker-compose.yml: the attribute `version` is obsolete, it will be ignored, please remove it to avoid potential confusion"

========================================
[REMINDER TASK] START
========================================

[REMINDER] checking upcoming due books...
[REMINDER] found: 2
[REMINDER QUEUED] Borrow ID: 8
[REMINDER QUEUED] Borrow ID: 10

[OVERDUE] checking overdue books...
[OVERDUE] found: 1
[OVERDUE QUEUED] Borrow ID: 9

========================================
[REMINDER TASK] DONE
[REMINDER QUEUED] 2
[OVERDUE QUEUED] 1
========================================

time="2026-05-15T13:52:01+07:00" level=warning msg="/home/n_ngoctrantien/fuelphp-docker/docker-compose.yml: the attribute `version` is obsolete, it will be ignored, please remove it to avoid potential confusion"

========================================
[REMINDER TASK] START
========================================

[REMINDER] checking upcoming due books...
[REMINDER] found: 2
[REMINDER QUEUED] Borrow ID: 8
[REMINDER QUEUED] Borrow ID: 10

[OVERDUE] checking overdue books...
[OVERDUE] found: 1
[OVERDUE QUEUED] Borrow ID: 9

========================================
[REMINDER TASK] DONE
[REMINDER QUEUED] 2
[OVERDUE QUEUED] 1
========================================

time="2026-05-15T13:53:01+07:00" level=warning msg="/home/n_ngoctrantien/fuelphp-docker/docker-compose.yml: the attribute `version` is obsolete, it will be ignored, please remove it to avoid potential confusion"

========================================
[REMINDER TASK] START
========================================

[REMINDER] checking upcoming due books...
[REMINDER] found: 2
[REMINDER QUEUED] Borrow ID: 8
[REMINDER QUEUED] Borrow ID: 10

[OVERDUE] checking overdue books...
[OVERDUE] found: 1
[OVERDUE QUEUED] Borrow ID: 9

========================================
[REMINDER TASK] DONE
[REMINDER QUEUED] 2
[OVERDUE QUEUED] 1
========================================

time="2026-05-15T13:54:01+07:00" level=warning msg="/home/n_ngoctrantien/fuelphp-docker/docker-compose.yml: the attribute `version` is obsolete, it will be ignored, please remove it to avoid potential confusion"

========================================
[REMINDER TASK] START
========================================

[REMINDER] checking upcoming due books...
[REMINDER] found: 2
[REMINDER QUEUED] Borrow ID: 8
[REMINDER QUEUED] Borrow ID: 10

[OVERDUE] checking overdue books...
[OVERDUE] found: 1
[OVERDUE QUEUED] Borrow ID: 9

========================================
[REMINDER TASK] DONE
[REMINDER QUEUED] 2
[OVERDUE QUEUED] 1
========================================

time="2026-05-15T13:55:01+07:00" level=warning msg="/home/n_ngoctrantien/fuelphp-docker/docker-compose.yml: the attribute `version` is obsolete, it will be ignored, please remove it to avoid potential confusion"

========================================
[REMINDER TASK] START
========================================

[REMINDER] checking upcoming due books...
[REMINDER] found: 2
[REMINDER QUEUED] Borrow ID: 8
[REMINDER QUEUED] Borrow ID: 10

[OVERDUE] checking overdue books...
[OVERDUE] found: 1
[OVERDUE QUEUED] Borrow ID: 9

========================================
[REMINDER TASK] DONE
[REMINDER QUEUED] 2
[OVERDUE QUEUED] 1
========================================

time="2026-05-15T13:56:01+07:00" level=warning msg="/home/n_ngoctrantien/fuelphp-docker/docker-compose.yml: the attribute `version` is obsolete, it will be ignored, please remove it to avoid potential confusion"

========================================
[REMINDER TASK] START
========================================

[REMINDER] checking upcoming due books...
[REMINDER] found: 2
[REMINDER QUEUED] Borrow ID: 8
[REMINDER QUEUED] Borrow ID: 10

[OVERDUE] checking overdue books...
[OVERDUE] found: 1
[OVERDUE QUEUED] Borrow ID: 9

========================================
[REMINDER TASK] DONE
[REMINDER QUEUED] 2
[OVERDUE QUEUED] 1
========================================

time="2026-05-15T13:57:01+07:00" level=warning msg="/home/n_ngoctrantien/fuelphp-docker/docker-compose.yml: the attribute `version` is obsolete, it will be ignored, please remove it to avoid potential confusion"

========================================
[REMINDER TASK] START
========================================

[REMINDER] checking upcoming due books...
[REMINDER] found: 2
[REMINDER QUEUED] Borrow ID: 8
[REMINDER QUEUED] Borrow ID: 10

[OVERDUE] checking overdue books...
[OVERDUE] found: 1
[OVERDUE QUEUED] Borrow ID: 9

========================================
[REMINDER TASK] DONE
[REMINDER QUEUED] 2
[OVERDUE QUEUED] 1
========================================

time="2026-05-15T13:58:01+07:00" level=warning msg="/home/n_ngoctrantien/fuelphp-docker/docker-compose.yml: the attribute `version` is obsolete, it will be ignored, please remove it to avoid potential confusion"

========================================
[REMINDER TASK] START
========================================

[REMINDER] checking upcoming due books...
[REMINDER] found: 2
[REMINDER QUEUED] Borrow ID: 8
[REMINDER QUEUED] Borrow ID: 10

[OVERDUE] checking overdue books...
[OVERDUE] found: 1
[OVERDUE QUEUED] Borrow ID: 9

========================================
[REMINDER TASK] DONE
[REMINDER QUEUED] 2
[OVERDUE QUEUED] 1
========================================

time="2026-05-15T13:59:01+07:00" level=warning msg="/home/n_ngoctrantien/fuelphp-docker/docker-compose.yml: the attribute `version` is obsolete, it will be ignored, please remove it to avoid potential confusion"

========================================
[REMINDER TASK] START
========================================

[REMINDER] checking upcoming due books...
[REMINDER] found: 2
[REMINDER QUEUED] Borrow ID: 8
[REMINDER QUEUED] Borrow ID: 10

[OVERDUE] checking overdue books...
[OVERDUE] found: 1
[OVERDUE QUEUED] Borrow ID: 9

========================================
[REMINDER TASK] DONE
[REMINDER QUEUED] 2
[OVERDUE QUEUED] 1
========================================

time="2026-05-15T14:00:01+07:00" level=warning msg="/home/n_ngoctrantien/fuelphp-docker/docker-compose.yml: the attribute `version` is obsolete, it will be ignored, please remove it to avoid potential confusion"

========================================
[REMINDER TASK] START
========================================

[REMINDER] checking upcoming due books...
[REMINDER] found: 2
[REMINDER QUEUED] Borrow ID: 8
[REMINDER QUEUED] Borrow ID: 10

[OVERDUE] checking overdue books...
[OVERDUE] found: 1
[OVERDUE QUEUED] Borrow ID: 9

========================================
[REMINDER TASK] DONE
[REMINDER QUEUED] 2
[OVERDUE QUEUED] 1
========================================

time="2026-05-15T14:01:01+07:00" level=warning msg="/home/n_ngoctrantien/fuelphp-docker/docker-compose.yml: the attribute `version` is obsolete, it will be ignored, please remove it to avoid potential confusion"

========================================
[REMINDER TASK] START
========================================

[REMINDER] checking upcoming due books...
[REMINDER] found: 2
[REMINDER QUEUED] Borrow ID: 8
[REMINDER QUEUED] Borrow ID: 10

[OVERDUE] checking overdue books...
[OVERDUE] found: 1
[OVERDUE QUEUED] Borrow ID: 9

========================================
[REMINDER TASK] DONE
[REMINDER QUEUED] 2
[OVERDUE QUEUED] 1
========================================

time="2026-05-15T14:02:01+07:00" level=warning msg="/home/n_ngoctrantien/fuelphp-docker/docker-compose.yml: the attribute `version` is obsolete, it will be ignored, please remove it to avoid potential confusion"

========================================
[REMINDER TASK] START
========================================

[REMINDER] checking upcoming due books...
[REMINDER] found: 2
[REMINDER QUEUED] Borrow ID: 8
[REMINDER QUEUED] Borrow ID: 10

[OVERDUE] checking overdue books...
[OVERDUE] found: 1
[OVERDUE QUEUED] Borrow ID: 9

========================================
[REMINDER TASK] DONE
[REMINDER QUEUED] 2
[OVERDUE QUEUED] 1
========================================

time="2026-05-15T14:03:01+07:00" level=warning msg="/home/n_ngoctrantien/fuelphp-docker/docker-compose.yml: the attribute `version` is obsolete, it will be ignored, please remove it to avoid potential confusion"

========================================
[REMINDER TASK] START
========================================

[REMINDER] checking upcoming due books...
[REMINDER] found: 2
[REMINDER QUEUED] Borrow ID: 8
[REMINDER QUEUED] Borrow ID: 10

[OVERDUE] checking overdue books...
[OVERDUE] found: 1
[OVERDUE QUEUED] Borrow ID: 9

========================================
[REMINDER TASK] DONE
[REMINDER QUEUED] 2
[OVERDUE QUEUED] 1
========================================

time="2026-05-15T14:04:01+07:00" level=warning msg="/home/n_ngoctrantien/fuelphp-docker/docker-compose.yml: the attribute `version` is obsolete, it will be ignored, please remove it to avoid potential confusion"

========================================
[REMINDER TASK] START
========================================

[REMINDER] checking upcoming due books...
[REMINDER] found: 2
[REMINDER QUEUED] Borrow ID: 8
[REMINDER QUEUED] Borrow ID: 10

[OVERDUE] checking overdue books...
[OVERDUE] found: 1
[OVERDUE QUEUED] Borrow ID: 9

========================================
[REMINDER TASK] DONE
[REMINDER QUEUED] 2
[OVERDUE QUEUED] 1
========================================

time="2026-05-15T14:05:01+07:00" level=warning msg="/home/n_ngoctrantien/fuelphp-docker/docker-compose.yml: the attribute `version` is obsolete, it will be ignored, please remove it to avoid potential confusion"

========================================
[REMINDER TASK] START
========================================

[REMINDER] checking upcoming due books...
[REMINDER] found: 2
[REMINDER QUEUED] Borrow ID: 8
[REMINDER QUEUED] Borrow ID: 10

[OVERDUE] checking overdue books...
[OVERDUE] found: 1
[OVERDUE QUEUED] Borrow ID: 9

========================================
[REMINDER TASK] DONE
[REMINDER QUEUED] 2
[OVERDUE QUEUED] 1
========================================

time="2026-05-15T14:06:01+07:00" level=warning msg="/home/n_ngoctrantien/fuelphp-docker/docker-compose.yml: the attribute `version` is obsolete, it will be ignored, please remove it to avoid potential confusion"

========================================
[REMINDER TASK] START
========================================

[REMINDER] checking upcoming due books...
[REMINDER] found: 2
[REMINDER QUEUED] Borrow ID: 8
[REMINDER QUEUED] Borrow ID: 10

[OVERDUE] checking overdue books...
[OVERDUE] found: 1
[OVERDUE QUEUED] Borrow ID: 9

========================================
[REMINDER TASK] DONE
[REMINDER QUEUED] 2
[OVERDUE QUEUED] 1
========================================

time="2026-05-15T14:07:01+07:00" level=warning msg="/home/n_ngoctrantien/fuelphp-docker/docker-compose.yml: the attribute `version` is obsolete, it will be ignored, please remove it to avoid potential confusion"

========================================
[REMINDER TASK] START
========================================

[REMINDER] checking upcoming due books...
[REMINDER] found: 2
[REMINDER QUEUED] Borrow ID: 8
[REMINDER QUEUED] Borrow ID: 10

[OVERDUE] checking overdue books...
[OVERDUE] found: 1
[OVERDUE QUEUED] Borrow ID: 9

========================================
[REMINDER TASK] DONE
[REMINDER QUEUED] 2
[OVERDUE QUEUED] 1
========================================

time="2026-05-15T14:08:01+07:00" level=warning msg="/home/n_ngoctrantien/fuelphp-docker/docker-compose.yml: the attribute `version` is obsolete, it will be ignored, please remove it to avoid potential confusion"

========================================
[REMINDER TASK] START
========================================

[REMINDER] checking upcoming due books...
[REMINDER] found: 2
[REMINDER QUEUED] Borrow ID: 8
[REMINDER QUEUED] Borrow ID: 10

[OVERDUE] checking overdue books...
[OVERDUE] found: 1
[OVERDUE QUEUED] Borrow ID: 9

========================================
[REMINDER TASK] DONE
[REMINDER QUEUED] 2
[OVERDUE QUEUED] 1
========================================

time="2026-05-15T14:09:01+07:00" level=warning msg="/home/n_ngoctrantien/fuelphp-docker/docker-compose.yml: the attribute `version` is obsolete, it will be ignored, please remove it to avoid potential confusion"

========================================
[REMINDER TASK] START
========================================

[REMINDER] checking upcoming due books...
[REMINDER] found: 2
[REMINDER QUEUED] Borrow ID: 8
[REMINDER QUEUED] Borrow ID: 10

[OVERDUE] checking overdue books...
[OVERDUE] found: 1
[OVERDUE QUEUED] Borrow ID: 9

========================================
[REMINDER TASK] DONE
[REMINDER QUEUED] 2
[OVERDUE QUEUED] 1
========================================

time="2026-05-15T14:10:01+07:00" level=warning msg="/home/n_ngoctrantien/fuelphp-docker/docker-compose.yml: the attribute `version` is obsolete, it will be ignored, please remove it to avoid potential confusion"

========================================
[REMINDER TASK] START
========================================

[REMINDER] checking upcoming due books...
[REMINDER] found: 2
[REMINDER QUEUED] Borrow ID: 8
[REMINDER QUEUED] Borrow ID: 10

[OVERDUE] checking overdue books...
[OVERDUE] found: 1
[OVERDUE QUEUED] Borrow ID: 9

========================================
[REMINDER TASK] DONE
[REMINDER QUEUED] 2
[OVERDUE QUEUED] 1
========================================

time="2026-05-15T14:11:01+07:00" level=warning msg="/home/n_ngoctrantien/fuelphp-docker/docker-compose.yml: the attribute `version` is obsolete, it will be ignored, please remove it to avoid potential confusion"

========================================
[REMINDER TASK] START
========================================

[REMINDER] checking upcoming due books...
[REMINDER] found: 2
[REMINDER QUEUED] Borrow ID: 8
[REMINDER QUEUED] Borrow ID: 10

[OVERDUE] checking overdue books...
[OVERDUE] found: 1
[OVERDUE QUEUED] Borrow ID: 9

========================================
[REMINDER TASK] DONE
[REMINDER QUEUED] 2
[OVERDUE QUEUED] 1
========================================

time="2026-05-15T14:12:01+07:00" level=warning msg="/home/n_ngoctrantien/fuelphp-docker/docker-compose.yml: the attribute `version` is obsolete, it will be ignored, please remove it to avoid potential confusion"

========================================
[REMINDER TASK] START
========================================

[REMINDER] checking upcoming due books...
[REMINDER] found: 2
[REMINDER QUEUED] Borrow ID: 8
[REMINDER QUEUED] Borrow ID: 10

[OVERDUE] checking overdue books...
[OVERDUE] found: 1
[OVERDUE QUEUED] Borrow ID: 9

========================================
[REMINDER TASK] DONE
[REMINDER QUEUED] 2
[OVERDUE QUEUED] 1
========================================

time="2026-05-15T14:13:01+07:00" level=warning msg="/home/n_ngoctrantien/fuelphp-docker/docker-compose.yml: the attribute `version` is obsolete, it will be ignored, please remove it to avoid potential confusion"

========================================
[REMINDER TASK] START
========================================

[REMINDER] checking upcoming due books...
[REMINDER] found: 1
[REMINDER QUEUED] Borrow ID: 8

[OVERDUE] checking overdue books...
[OVERDUE] found: 0

========================================
[REMINDER TASK] DONE
[REMINDER QUEUED] 1
[OVERDUE QUEUED] 0
========================================

time="2026-05-15T14:14:01+07:00" level=warning msg="/home/n_ngoctrantien/fuelphp-docker/docker-compose.yml: the attribute `version` is obsolete, it will be ignored, please remove it to avoid potential confusion"

========================================
[REMINDER TASK] START
========================================

[REMINDER] checking upcoming due books...
[REMINDER] found: 1
[REMINDER QUEUED] Borrow ID: 8

[OVERDUE] checking overdue books...
[OVERDUE] found: 0

========================================
[REMINDER TASK] DONE
[REMINDER QUEUED] 1
[OVERDUE QUEUED] 0
========================================

time="2026-05-15T14:15:01+07:00" level=warning msg="/home/n_ngoctrantien/fuelphp-docker/docker-compose.yml: the attribute `version` is obsolete, it will be ignored, please remove it to avoid potential confusion"

========================================
[REMINDER TASK] START
========================================

[REMINDER] checking upcoming due books...
[REMINDER] found: 1
[REMINDER QUEUED] Borrow ID: 8

[OVERDUE] checking overdue books...
[OVERDUE] found: 0

========================================
[REMINDER TASK] DONE
[REMINDER QUEUED] 1
[OVERDUE QUEUED] 0
========================================

